<?xml version="1.0" encoding="UTF-8"?>
<!-- Generated by org.testng.reporters.JUnitXMLReporter -->
<testsuite hostname="WMS-PC" ignored="0" name="Default test" tests="8" failures="0" timestamp="04 Jun 2018 07:28:38 GMT" time="0.113" errors="0">
  <testcase name="@BeforeMethod setUp" time="0.0" classname="com.test.LoginPage">
    <failure type="java.lang.IllegalStateException" message="The driver executable does not exist: G:\selenium_driver\chromedriver.exe">
      <![CDATA[java.lang.IllegalStateException: The driver executable does not exist: G:\selenium_driver\chromedriver.exe
	at com.google.common.base.Preconditions.checkState(Preconditions.java:585)
	at org.openqa.selenium.remote.service.DriverService.checkExecutable(DriverService.java:136)
	at org.openqa.selenium.remote.service.DriverService.findExecutable(DriverService.java:131)
	at org.openqa.selenium.chrome.ChromeDriverService.access$000(ChromeDriverService.java:32)
	at org.openqa.selenium.chrome.ChromeDriverService$Builder.findDefaultExecutable(ChromeDriverService.java:137)
	at org.openqa.selenium.remote.service.DriverService$Builder.build(DriverService.java:339)
	at org.openqa.selenium.chrome.ChromeDriverService.createDefaultService(ChromeDriverService.java:88)
	at org.openqa.selenium.chrome.ChromeDriver.<init>(ChromeDriver.java:123)
	at com.test.LoginPage.setUp(LoginPage.java:27)
	at sun.reflect.NativeMethodAccessorImpl.invoke0(Native Method)
	at sun.reflect.NativeMethodAccessorImpl.invoke(Unknown Source)
	at sun.reflect.DelegatingMethodAccessorImpl.invoke(Unknown Source)
	at java.lang.reflect.Method.invoke(Unknown Source)
	at org.testng.internal.MethodInvocationHelper.invokeMethod(MethodInvocationHelper.java:104)
	at org.testng.internal.Invoker.invokeConfigurationMethod(Invoker.java:515)
	at org.testng.internal.Invoker.invokeConfigurations(Invoker.java:217)
	at org.testng.internal.Invoker.invokeMethod(Invoker.java:590)
	at org.testng.internal.Invoker.invokeTestMethod(Invoker.java:851)
	at org.testng.internal.Invoker.invokeTestMethods(Invoker.java:1177)
	at org.testng.internal.TestMethodWorker.invokeTestMethods(TestMethodWorker.java:129)
	at org.testng.internal.TestMethodWorker.run(TestMethodWorker.java:112)
	at org.testng.TestRunner.privateRun(TestRunner.java:756)
	at org.testng.TestRunner.run(TestRunner.java:610)
	at org.testng.SuiteRunner.runTest(SuiteRunner.java:387)
	at org.testng.SuiteRunner.runSequentially(SuiteRunner.java:382)
	at org.testng.SuiteRunner.privateRun(SuiteRunner.java:340)
	at org.testng.SuiteRunner.run(SuiteRunner.java:289)
	at org.testng.SuiteRunnerWorker.runSuite(SuiteRunnerWorker.java:52)
	at org.testng.SuiteRunnerWorker.run(SuiteRunnerWorker.java:86)
	at org.testng.TestNG.runSuitesSequentially(TestNG.java:1293)
	at org.testng.TestNG.runSuitesLocally(TestNG.java:1218)
	at org.testng.TestNG.runSuites(TestNG.java:1133)
	at org.testng.TestNG.run(TestNG.java:1104)
	at org.testng.remote.AbstractRemoteTestNG.run(AbstractRemoteTestNG.java:132)
	at org.testng.remote.RemoteTestNG.initAndRun(RemoteTestNG.java:236)
	at org.testng.remote.RemoteTestNG.main(RemoteTestNG.java:81)
]]>
    </failure>
  </testcase> <!-- @BeforeMethod setUp -->
  <testcase name="@AfterMethod end" time="0.0" classname="com.test.LoginPage">
    <skipped/>
  </testcase> <!-- @AfterMethod end -->
  <testcase name="@BeforeMethod setUp" time="0.0" classname="com.test.LoginPage">
    <skipped/>
  </testcase> <!-- @BeforeMethod setUp -->
  <testcase name="@AfterMethod end" time="0.0" classname="com.test.LoginPage">
    <skipped/>
  </testcase> <!-- @AfterMethod end -->
  <testcase name="@BeforeMethod setUp" time="0.0" classname="com.test.LoginPage">
    <skipped/>
  </testcase> <!-- @BeforeMethod setUp -->
  <testcase name="@AfterMethod end" time="0.0" classname="com.test.LoginPage">
    <skipped/>
  </testcase> <!-- @AfterMethod end -->
  <testcase name="@BeforeMethod setUp" time="0.0" classname="com.test.LoginPage">
    <skipped/>
  </testcase> <!-- @BeforeMethod setUp -->
  <testcase name="@AfterMethod end" time="0.0" classname="com.test.LoginPage">
    <skipped/>
  </testcase> <!-- @AfterMethod end -->
  <testcase name="@BeforeMethod setUp" time="0.0" classname="com.test.LoginPage">
    <skipped/>
  </testcase> <!-- @BeforeMethod setUp -->
  <testcase name="@AfterMethod end" time="0.0" classname="com.test.LoginPage">
    <skipped/>
  </testcase> <!-- @AfterMethod end -->
  <testcase name="@BeforeMethod setUp" time="0.0" classname="com.test.LoginPage">
    <skipped/>
  </testcase> <!-- @BeforeMethod setUp -->
  <testcase name="@AfterMethod end" time="0.0" classname="com.test.LoginPage">
    <skipped/>
  </testcase> <!-- @AfterMethod end -->
  <testcase name="@BeforeMethod setUp" time="0.0" classname="com.test.LoginPage">
    <skipped/>
  </testcase> <!-- @BeforeMethod setUp -->
  <testcase name="@AfterMethod end" time="0.0" classname="com.test.LoginPage">
    <skipped/>
  </testcase> <!-- @AfterMethod end -->
  <testcase name="@BeforeMethod setUp" time="0.0" classname="com.test.LoginPage">
    <skipped/>
  </testcase> <!-- @BeforeMethod setUp -->
  <testcase name="@AfterMethod end" time="0.0" classname="com.test.LoginPage">
    <skipped/>
  </testcase> <!-- @AfterMethod end -->
  <testcase name="browserBack" time="0.003" classname="com.test.LoginPage">
    <skipped/>
  </testcase> <!-- browserBack -->
  <testcase name="validate" time="0.001" classname="com.test.LoginPage">
    <skipped/>
  </testcase> <!-- validate -->
  <testcase name="validate" time="0.001" classname="com.test.LoginPage">
    <skipped/>
  </testcase> <!-- validate -->
  <testcase name="checkEmailField" time="0.001" classname="com.test.LoginPage">
    <skipped/>
  </testcase> <!-- checkEmailField -->
  <testcase name="clickWithBlankEmail" time="0.0" classname="com.test.LoginPage">
    <skipped/>
  </testcase> <!-- clickWithBlankEmail -->
  <testcase name="verifyPasswordPage" time="0.001" classname="com.test.LoginPage">
    <skipped/>
  </testcase> <!-- verifyPasswordPage -->
  <testcase name="clickWithBlankPassword" time="0.001" classname="com.test.LoginPage">
    <skipped/>
  </testcase> <!-- clickWithBlankPassword -->
  <testcase name="verifyUserInbox" time="0.001" classname="com.test.LoginPage">
    <skipped/>
  </testcase> <!-- verifyUserInbox -->
</testsuite> <!-- Default test -->
